\BOOKMARK [0][-]{Doc-Start}{Abstract}{}% 1
\BOOKMARK [0][-]{chapter*.1}{Certificate of Originality}{}% 2
\BOOKMARK [0][-]{chapter*.2}{Acknowledgements}{}% 3
\BOOKMARK [0][-]{chapter.1}{Introduction}{}% 4
\BOOKMARK [1][-]{section.1.1}{Background}{chapter.1}% 5
\BOOKMARK [2][-]{subsection.1.1.1}{The Extraction Process}{section.1.1}% 6
\BOOKMARK [1][-]{section.1.2}{Aim}{chapter.1}% 7
\BOOKMARK [1][-]{section.1.3}{Scope}{chapter.1}% 8
\BOOKMARK [2][-]{subsection.1.3.1}{Mechanical}{section.1.3}% 9
\BOOKMARK [2][-]{subsection.1.3.2}{Electronic}{section.1.3}% 10
\BOOKMARK [2][-]{subsection.1.3.3}{Software}{section.1.3}% 11
\BOOKMARK [1][-]{section.1.4}{Methodology}{chapter.1}% 12
\BOOKMARK [0][-]{chapter.2}{Literature Review}{}% 13
\BOOKMARK [1][-]{section.2.1}{Heating}{chapter.2}% 14
\BOOKMARK [1][-]{section.2.2}{Cooling}{chapter.2}% 15
\BOOKMARK [1][-]{section.2.3}{Controllability}{chapter.2}% 16
\BOOKMARK [1][-]{section.2.4}{Temperature Sensors}{chapter.2}% 17
\BOOKMARK [1][-]{section.2.5}{Temperature Sensing}{chapter.2}% 18
\BOOKMARK [1][-]{section.2.6}{Controller Design}{chapter.2}% 19
\BOOKMARK [1][-]{section.2.7}{Magnetic Separation}{chapter.2}% 20
\BOOKMARK [0][-]{chapter.3}{Methodology}{}% 21
\BOOKMARK [0][-]{chapter.4}{Results}{}% 22
\BOOKMARK [1][-]{section.4.1}{Processor Module Hardware}{chapter.4}% 23
\BOOKMARK [2][-]{subsection.4.1.1}{Requirements}{section.4.1}% 24
\BOOKMARK [2][-]{subsection.4.1.2}{Design}{section.4.1}% 25
\BOOKMARK [2][-]{subsection.4.1.3}{Simulation}{section.4.1}% 26
\BOOKMARK [1][-]{section.4.2}{Temperature Controller}{chapter.4}% 27
\BOOKMARK [2][-]{subsection.4.2.1}{Requirements}{section.4.2}% 28
\BOOKMARK [2][-]{subsection.4.2.2}{Design}{section.4.2}% 29
\BOOKMARK [2][-]{subsection.4.2.3}{Simulation}{section.4.2}% 30
\BOOKMARK [1][-]{section.4.3}{Processor Module}{chapter.4}% 31
\BOOKMARK [2][-]{subsection.4.3.1}{Validation}{section.4.3}% 32
\BOOKMARK [2][-]{subsection.4.3.2}{Verification}{section.4.3}% 33
\BOOKMARK [1][-]{section.4.4}{Magnetic Separation Station}{chapter.4}% 34
\BOOKMARK [0][-]{chapter.5}{Discussion}{}% 35
\BOOKMARK [0][-]{chapter.6}{Conclusions}{}% 36
\BOOKMARK [0][-]{chapter.7}{Future Work}{}% 37
\BOOKMARK [0][-]{chapter.7}{References}{}% 38
\BOOKMARK [0][-]{appendix.A}{Raw Results}{}% 39
