This is pdfTeX, Version 3.14159265-2.6-1.40.17 (MiKTeX 2.9 64-bit) (preloaded format=pdflatex 2016.10.2)  24 OCT 2016 00:55
entering extended mode
**"./z3460979 Thesis B.tex"
("z3460979 Thesis B.tex"
LaTeX2e <2016/03/31> patch level 1
Babel <3.9r> and hyphenation patterns for 75 language(s) loaded.
(unswthesis.cls
Document Class: unswthesis 2001/06/18 Durham Maths thesis class
("C:\Program Files\MiKTeX 2.9\tex\latex\base\report.cls"
Document Class: report 2014/09/29 v1.4h Standard LaTeX document class
("C:\Program Files\MiKTeX 2.9\tex\latex\base\size12.clo"
File: size12.clo 2014/09/29 v1.4h Standard LaTeX file (size option)
)
\c@part=\count79
\c@chapter=\count80
\c@section=\count81
\c@subsection=\count82
\c@subsubsection=\count83
\c@paragraph=\count84
\c@subparagraph=\count85
\c@figure=\count86
\c@table=\count87
\abovecaptionskip=\skip41
\belowcaptionskip=\skip42
\bibindent=\dimen102
))
("C:\Users\Jarrod Stilp\AppData\Roaming\MiKTeX\2.9\tex\latex\stellenbosch\usnom
encl.sty"
Package: usnomencl 2008/05/30 v1.1 Stellenbosh Thesis Nomenclature (DNJ ELS)
 ("C:\Program Files\MiKTeX 2.9\tex\latex\tools\calc.sty"
Package: calc 2014/10/28 v4.3 Infix arithmetic (KKT,FJ)
\calc@Acount=\count88
\calc@Bcount=\count89
\calc@Adimen=\dimen103
\calc@Bdimen=\dimen104
\calc@Askip=\skip43
\calc@Bskip=\skip44
LaTeX Info: Redefining \setlength on input line 80.
LaTeX Info: Redefining \addtolength on input line 81.
\calc@Ccount=\count90
\calc@Cskip=\skip45
)
\USN@tdima=\skip46
\USN@NomGrpSep=\skip47
\NomGrpSep=\skip48
\NomItmSep=\skip49
\NomItmMrg=\skip50
\NomLblSep=\skip51
\UnitLabelWdth=\skip52
)
("C:\Users\Jarrod Stilp\AppData\Roaming\MiKTeX\2.9\tex\latex\was\gensymb.sty"
Package: gensymb 2003/07/02 v1.0 (WaS)
)
("C:\Program Files\MiKTeX 2.9\tex\latex\graphics\graphics.sty"
Package: graphics 2016/06/02 v1.0s Standard LaTeX Graphics (DPC,SPQR)

("C:\Program Files\MiKTeX 2.9\tex\latex\graphics\trig.sty"
Package: trig 2016/01/03 v1.10 sin cos tan (DPC)
)
("C:\Program Files\MiKTeX 2.9\tex\latex\00miktex\graphics.cfg"
File: graphics.cfg 2016/06/04 v1.11 sample graphics configuration
)
Package graphics Info: Driver file: pdftex.def on input line 99.

("C:\Program Files\MiKTeX 2.9\tex\latex\pdftex-def\pdftex.def"
File: pdftex.def 2016/06/17 v0.06h Graphics/color for pdfTeX

("C:\Program Files\MiKTeX 2.9\tex\generic\oberdiek\infwarerr.sty"
Package: infwarerr 2016/05/16 v1.4 Providing info/warning/error messages (HO)
)
("C:\Program Files\MiKTeX 2.9\tex\generic\oberdiek\ltxcmds.sty"
Package: ltxcmds 2016/05/16 v1.23 LaTeX kernel commands for general use (HO)
)
\Gread@gobject=\count91
))
("C:\Program Files\MiKTeX 2.9\tex\latex\graphics\graphicx.sty"
Package: graphicx 2014/10/28 v1.0g Enhanced LaTeX Graphics (DPC,SPQR)

("C:\Program Files\MiKTeX 2.9\tex\latex\graphics\keyval.sty"
Package: keyval 2014/10/28 v1.15 key=value parser (DPC)
\KV@toks@=\toks14
)
\Gin@req@height=\dimen105
\Gin@req@width=\dimen106
)
("C:\Users\Jarrod Stilp\AppData\Roaming\MiKTeX\2.9\tex\latex\caption\caption.st
y"
Package: caption 2016/02/21 v3.3-144 Customizing captions (AR)

("C:\Users\Jarrod Stilp\AppData\Roaming\MiKTeX\2.9\tex\latex\caption\caption3.s
ty"
Package: caption3 2016/05/22 v1.7-166 caption3 kernel (AR)
Package caption3 Info: TeX engine: e-TeX on input line 67.
\captionmargin=\dimen107
\captionmargin@=\dimen108
\captionwidth=\dimen109
\caption@tempdima=\dimen110
\caption@indent=\dimen111
\caption@parindent=\dimen112
\caption@hangindent=\dimen113
)
\c@ContinuedFloat=\count92
)
("C:\Users\Jarrod Stilp\AppData\Roaming\MiKTeX\2.9\tex\latex\caption\subcaption
.sty"
Package: subcaption 2016/05/22 v1.1-161 Sub-captions (AR)
\c@subfigure=\count93
\c@subtable=\count94
) ("C:\Program Files\MiKTeX 2.9\tex\latex\amsfonts\amssymb.sty"
Package: amssymb 2013/01/14 v3.01 AMS font symbols

("C:\Program Files\MiKTeX 2.9\tex\latex\amsfonts\amsfonts.sty"
Package: amsfonts 2013/01/14 v3.01 Basic AMSFonts support
\@emptytoks=\toks15
\symAMSa=\mathgroup4
\symAMSb=\mathgroup5
LaTeX Font Info:    Overwriting math alphabet `\mathfrak' in version `bold'
(Font)                  U/euf/m/n --> U/euf/b/n on input line 106.
))
("C:\Program Files\MiKTeX 2.9\tex\latex\amsmath\amsmath.sty"
Package: amsmath 2016/03/10 v2.15b AMS math features
\@mathmargin=\skip53

For additional information on amsmath, use the `?' option.
("C:\Program Files\MiKTeX 2.9\tex\latex\amsmath\amstext.sty"
Package: amstext 2000/06/29 v2.01 AMS text

("C:\Program Files\MiKTeX 2.9\tex\latex\amsmath\amsgen.sty"
File: amsgen.sty 1999/11/30 v2.0 generic functions
\@emptytoks=\toks16
\ex@=\dimen114
))
("C:\Program Files\MiKTeX 2.9\tex\latex\amsmath\amsbsy.sty"
Package: amsbsy 1999/11/29 v1.2d Bold Symbols
\pmbraise@=\dimen115
)
("C:\Program Files\MiKTeX 2.9\tex\latex\amsmath\amsopn.sty"
Package: amsopn 2016/03/08 v2.02 operator names
)
\inf@bad=\count95
LaTeX Info: Redefining \frac on input line 199.
\uproot@=\count96
\leftroot@=\count97
LaTeX Info: Redefining \overline on input line 297.
\classnum@=\count98
\DOTSCASE@=\count99
LaTeX Info: Redefining \ldots on input line 394.
LaTeX Info: Redefining \dots on input line 397.
LaTeX Info: Redefining \cdots on input line 518.
\Mathstrutbox@=\box26
\strutbox@=\box27
\big@size=\dimen116
LaTeX Font Info:    Redeclaring font encoding OML on input line 634.
LaTeX Font Info:    Redeclaring font encoding OMS on input line 635.
\macc@depth=\count100
\c@MaxMatrixCols=\count101
\dotsspace@=\muskip10
\c@parentequation=\count102
\dspbrk@lvl=\count103
\tag@help=\toks17
\row@=\count104
\column@=\count105
\maxfields@=\count106
\andhelp@=\toks18
\eqnshift@=\dimen117
\alignsep@=\dimen118
\tagshift@=\dimen119
\tagwidth@=\dimen120
\totwidth@=\dimen121
\lineht@=\dimen122
\@envbody=\toks19
\multlinegap=\skip54
\multlinetaggap=\skip55
\mathdisplay@stack=\toks20
LaTeX Info: Redefining \[ on input line 2739.
LaTeX Info: Redefining \] on input line 2740.
)
("C:\Users\Jarrod Stilp\AppData\Roaming\MiKTeX\2.9\tex\latex\url\url.sty"
\Urlmuskip=\muskip11
Package: url 2013/09/16  ver 3.4  Verb mode for urls, etc.
)
("C:\Users\Jarrod Stilp\AppData\Roaming\MiKTeX\2.9\tex\latex\booktabs\booktabs.
sty"
Package: booktabs 2005/04/14 v1.61803 publication quality tables
\heavyrulewidth=\dimen123
\lightrulewidth=\dimen124
\cmidrulewidth=\dimen125
\belowrulesep=\dimen126
\belowbottomsep=\dimen127
\aboverulesep=\dimen128
\abovetopsep=\dimen129
\cmidrulesep=\dimen130
\cmidrulekern=\dimen131
\defaultaddspace=\dimen132
\@cmidla=\count107
\@cmidlb=\count108
\@aboverulesep=\dimen133
\@belowrulesep=\dimen134
\@thisruleclass=\count109
\@lastruleclass=\count110
\@thisrulewidth=\dimen135
)
("C:\Users\Jarrod Stilp\AppData\Roaming\MiKTeX\2.9\tex\latex\t2\mathtext.sty"
Package: mathtext 1999/01/28 v1.0 transparent text-and-math defs
LaTeX Info: Redefining \halign on input line 111.
)
("C:\Program Files\MiKTeX 2.9\tex\latex\multirow\multirow.sty"
\bigstrutjot=\dimen136
)
("C:\Users\Jarrod Stilp\AppData\Roaming\MiKTeX\2.9\tex\latex\fmtcount\fmtcount.
sty"
Package: fmtcount 2015/05/05 v3.01
 ("C:\Program Files\MiKTeX 2.9\tex\latex\base\ifthen.sty"
Package: ifthen 2014/09/29 v1.1c Standard LaTeX ifthen package (DPC)
)
("C:\Program Files\MiKTeX 2.9\tex\latex\xkeyval\xkeyval.sty"
Package: xkeyval 2014/12/03 v2.7a package option processing (HA)

("C:\Program Files\MiKTeX 2.9\tex\generic\xkeyval\xkeyval.tex"
("C:\Program Files\MiKTeX 2.9\tex\generic\xkeyval\xkvutils.tex"
\XKV@toks=\toks21
\XKV@tempa@toks=\toks22
)
\XKV@depth=\count111
File: xkeyval.tex 2014/12/03 v2.7a key=value parser (HA)
))
("C:\Users\Jarrod Stilp\AppData\Roaming\MiKTeX\2.9\tex\latex\etoolbox\etoolbox.
sty"
Package: etoolbox 2015/08/02 v2.2a e-TeX tools for LaTeX (JAW)
\etb@tempcnta=\count112
)
("C:\Users\Jarrod Stilp\AppData\Roaming\MiKTeX\2.9\tex\latex\fmtcount\fcprefix.
sty"
Package: fcprefix 2012/09/28

("C:\Users\Jarrod Stilp\AppData\Roaming\MiKTeX\2.9\tex\latex\fmtcount\fcnumpars
er.sty"
Package: fcnumparser 2012/09/28
\fc@digit@counter=\count113
)) ("C:\Program Files\MiKTeX 2.9\tex\generic\ifxetex\ifxetex.sty"
Package: ifxetex 2010/09/12 v0.6 Provides ifxetex conditional
)
\c@padzeroesN=\count114
\fc@tmpcatcode=\count115
\@DT@modctr=\count116
\@ordinalctr=\count117
\@orgargctr=\count118
\@strctr=\count119
\@tmpstrctr=\count120
\@DT@loopN=\count121
\@DT@X=\count122

("C:\Users\Jarrod Stilp\AppData\Roaming\MiKTeX\2.9\tex\latex\fmtcount\fc-englis
h.def"
File: fc-english.def 2013/08/17
))
("C:\Users\Jarrod Stilp\AppData\Roaming\MiKTeX\2.9\tex\latex\ctable\ctable.sty"
Package: ctable 2015/10/17 v1.31 ctable package for flexible typesetting of tab
le and figure floats using key/value directives
("C:\Program Files\MiKTeX 2.9\tex\generic\oberdiek\ifpdf.sty"
Package: ifpdf 2016/05/14 v3.1 Provides the ifpdf switch
)
("C:\Users\Jarrod Stilp\AppData\Roaming\MiKTeX\2.9\tex\latex\xcolor\xcolor.sty"
Package: xcolor 2016/05/11 v2.12 LaTeX color extensions (UK)
("C:\Program Files\MiKTeX 2.9\tex\latex\00miktex\color.cfg"
File: color.cfg 2016/01/02 v1.6 sample color configuration
)
Package xcolor Info: Driver file: pdftex.def on input line 225.
Package xcolor Info: Model `cmy' substituted by `cmy0' on input line 1348.
Package xcolor Info: Model `hsb' substituted by `rgb' on input line 1352.
Package xcolor Info: Model `RGB' extended on input line 1364.
Package xcolor Info: Model `HTML' substituted by `rgb' on input line 1366.
Package xcolor Info: Model `Hsb' substituted by `hsb' on input line 1367.
Package xcolor Info: Model `tHsb' substituted by `hsb' on input line 1368.
Package xcolor Info: Model `HSB' substituted by `hsb' on input line 1369.
Package xcolor Info: Model `Gray' substituted by `gray' on input line 1370.
Package xcolor Info: Model `wave' substituted by `hsb' on input line 1371.
)
("C:\Program Files\MiKTeX 2.9\tex\latex\tools\array.sty"
Package: array 2014/10/28 v2.4c Tabular extension package (FMi)
\col@sep=\dimen137
\extrarowheight=\dimen138
\NC@list=\toks23
\extratabsurround=\skip56
\backup@length=\skip57
)
("C:\Program Files\MiKTeX 2.9\tex\latex\tools\tabularx.sty"
Package: tabularx 2016/02/03 v2.11 `tabularx' package (DPC)
\TX@col@width=\dimen139
\TX@old@table=\dimen140
\TX@old@col=\dimen141
\TX@target=\dimen142
\TX@delta=\dimen143
\TX@cols=\count123
\TX@ftn=\toks24
)
("C:\Program Files\MiKTeX 2.9\tex\latex\graphics\rotating.sty"
Package: rotating 2016/05/22 v2.16c rotated objects in LaTeX
\c@r@tfl@t=\count124
\rotFPtop=\skip58
\rotFPbot=\skip59
\rot@float@box=\box28
\rot@mess@toks=\toks25
)
("C:\Program Files\MiKTeX 2.9\tex\latex\oberdiek\transparent.sty"
Package: transparent 2016/05/16 v1.1 Transparency via pdfTeX's color stack (HO)


("C:\Program Files\MiKTeX 2.9\tex\latex\oberdiek\auxhook.sty"
Package: auxhook 2016/05/16 v1.4 Hooks for auxiliary files (HO)
))
\@CTframesep=\dimen144
\@dfltCTframesep=\dimen145
\@CTframerule=\dimen146
\@dfltCTframerule=\dimen147
\@CTwidth=\dimen148
\@dfltCTwidth=\dimen149
\@CTcaptionskip=\dimen150
\@dfltCTcaptionskip=\dimen151
\@CTmaxwidth=\dimen152
\@dfltCTmaxwidth=\dimen153
\@CTmincapwidth=\dimen154
\@dfltCTmincapwidth=\dimen155
\@CTfooterwidth=\dimen156
\@dfltCTfooterwidth=\dimen157
\@CTw=\dimen158
\@CTfloatwidth=\dimen159
\@CToldsep=\dimen160
\@CToldrule=\dimen161
\CT@t=\box29
\@CTcurftwidth=\dimen162
)
("C:\Program Files\MiKTeX 2.9\tex\latex\oberdiek\epstopdf.sty"
Package: epstopdf 2016/05/15 v2.6 Conversion with epstopdf on the fly (HO)

("C:\Program Files\MiKTeX 2.9\tex\latex\oberdiek\epstopdf-base.sty"
Package: epstopdf-base 2016/05/15 v2.6 Base part for package epstopdf

("C:\Program Files\MiKTeX 2.9\tex\latex\oberdiek\grfext.sty"
Package: grfext 2016/05/16 v1.2 Manage graphics extensions (HO)

("C:\Program Files\MiKTeX 2.9\tex\generic\oberdiek\kvdefinekeys.sty"
Package: kvdefinekeys 2016/05/16 v1.4 Define keys (HO)
))
("C:\Program Files\MiKTeX 2.9\tex\latex\oberdiek\kvoptions.sty"
Package: kvoptions 2016/05/16 v3.12 Key value format for package options (HO)

("C:\Program Files\MiKTeX 2.9\tex\generic\oberdiek\kvsetkeys.sty"
Package: kvsetkeys 2016/05/16 v1.17 Key value parser (HO)

("C:\Program Files\MiKTeX 2.9\tex\generic\oberdiek\etexcmds.sty"
Package: etexcmds 2016/05/16 v1.6 Avoid name clashes with e-TeX commands (HO)

("C:\Program Files\MiKTeX 2.9\tex\generic\oberdiek\ifluatex.sty"
Package: ifluatex 2016/05/16 v1.4 Provides the ifluatex switch (HO)
Package ifluatex Info: LuaTeX not detected.
)
Package etexcmds Info: Could not find \expanded.
(etexcmds)             That can mean that you are not using pdfTeX 1.50 or
(etexcmds)             that some package has redefined \expanded.
(etexcmds)             In the latter case, load this package earlier.
)))
("C:\Program Files\MiKTeX 2.9\tex\generic\oberdiek\pdftexcmds.sty"
Package: pdftexcmds 2016/05/21 v0.22 Utility functions of pdfTeX for LuaTeX (HO
)
Package pdftexcmds Info: LuaTeX not detected.
Package pdftexcmds Info: \pdf@primitive is available.
Package pdftexcmds Info: \pdf@ifprimitive is available.
Package pdftexcmds Info: \pdfdraftmode found.
)
Package epstopdf-base Info: Redefining graphics rule for `.eps' on input line 4
38.
Package grfext Info: Graphics extension search list:
(grfext)             [.png,.pdf,.jpg,.mps,.jpeg,.jbig2,.jb2,.PNG,.PDF,.JPG,.JPE
G,.JBIG2,.JB2,.eps]
(grfext)             \AppendGraphicsExtensions on input line 456.
))
("C:\Users\Jarrod Stilp\AppData\Roaming\MiKTeX\2.9\tex\latex\listofsymbols\list
ofsymbols.sty"
Package: listofsymbols 
\symindent=\skip60
\symwidth=\skip61
\sympagenowidth=\skip62
 ("C:\Program Files\MiKTeX 2.9\tex\latex\tools\xspace.sty"
Package: xspace 2014/10/28 v1.13 Space after command names (DPC,MH)
)
\old@parskip=\skip63
\old@parindent=\skip64
)
("C:\Users\Jarrod Stilp\AppData\Roaming\MiKTeX\2.9\tex\latex\fancyhdr\fancyhdr.
sty"
Package: fancyhdr 2016/09/06 3.8 Extensive control of page headers and footers
\fancy@headwidth=\skip65
\f@ncyO@elh=\skip66
\f@ncyO@erh=\skip67
\f@ncyO@olh=\skip68
\f@ncyO@orh=\skip69
\f@ncyO@elf=\skip70
\f@ncyO@erf=\skip71
\f@ncyO@olf=\skip72
\f@ncyO@orf=\skip73
) ("C:\Program Files\MiKTeX 2.9\tex\latex\graphics\epsfig.sty"
Package: epsfig 1999/02/16 v1.7a (e)psfig emulation (SPQR)
\epsfxsize=\dimen163
\epsfysize=\dimen164
)
("C:\Users\Jarrod Stilp\AppData\Roaming\MiKTeX\2.9\tex\latex\cite\cite.sty"
LaTeX Info: Redefining \cite on input line 302.
LaTeX Info: Redefining \nocite on input line 332.
Package: cite 2015/02/27  v 5.5
)
("C:\Program Files\MiKTeX 2.9\tex\latex\tools\theorem.sty"
Package: theorem 2014/10/28 v2.2c Theorem extension package (FMi)
\theorem@style=\toks26
\theorem@bodyfont=\toks27
\theorempreskipamount=\skip74
\theorempostskipamount=\skip75

("C:\Program Files\MiKTeX 2.9\tex\latex\tools\thp.sty"
File: thp.sty 2014/10/28 v2.2c Theorem extension package (FMi)
))
("C:\Program Files\MiKTeX 2.9\tex\latex\hyperref\hyperref.sty"
Package: hyperref 2016/05/21 v6.83p Hypertext links for LaTeX

("C:\Program Files\MiKTeX 2.9\tex\generic\oberdiek\hobsub-hyperref.sty"
Package: hobsub-hyperref 2016/05/16 v1.14 Bundle oberdiek, subset hyperref (HO)


("C:\Program Files\MiKTeX 2.9\tex\generic\oberdiek\hobsub-generic.sty"
Package: hobsub-generic 2016/05/16 v1.14 Bundle oberdiek, subset generic (HO)
Package: hobsub 2016/05/16 v1.14 Construct package bundles (HO)
Package hobsub Info: Skipping package `infwarerr' (already loaded).
Package hobsub Info: Skipping package `ltxcmds' (already loaded).
Package hobsub Info: Skipping package `ifluatex' (already loaded).
Package: ifvtex 2016/05/16 v1.6 Detect VTeX and its facilities (HO)
Package ifvtex Info: VTeX not detected.
Package: intcalc 2016/05/16 v1.2 Expandable calculations with integers (HO)
Package hobsub Info: Skipping package `ifpdf' (already loaded).
Package hobsub Info: Skipping package `etexcmds' (already loaded).
Package hobsub Info: Skipping package `kvsetkeys' (already loaded).
Package hobsub Info: Skipping package `kvdefinekeys' (already loaded).
Package hobsub Info: Skipping package `pdftexcmds' (already loaded).
Package: pdfescape 2016/05/16 v1.14 Implements pdfTeX's escape features (HO)
Package: bigintcalc 2016/05/16 v1.4 Expandable calculations on big integers (HO
)
Package: bitset 2016/05/16 v1.2 Handle bit-vector datatype (HO)
Package: uniquecounter 2016/05/16 v1.3 Provide unlimited unique counter (HO)
)
Package hobsub Info: Skipping package `hobsub' (already loaded).
Package: letltxmacro 2016/05/16 v1.5 Let assignment for LaTeX macros (HO)
Package: hopatch 2016/05/16 v1.3 Wrapper for package hooks (HO)
Package: xcolor-patch 2016/05/16 xcolor patch
Package: atveryend 2016/05/16 v1.9 Hooks at the very end of document (HO)
Package: atbegshi 2016/06/09 v1.18 At begin shipout hook (HO)
Package: refcount 2016/05/16 v3.5 Data extraction from label references (HO)
Package: hycolor 2016/05/16 v1.8 Color options for hyperref/bookmark (HO)
)
\@linkdim=\dimen165
\Hy@linkcounter=\count125
\Hy@pagecounter=\count126

("C:\Program Files\MiKTeX 2.9\tex\latex\hyperref\pd1enc.def"
File: pd1enc.def 2016/05/21 v6.83p Hyperref: PDFDocEncoding definition (HO)
\symPD1letters=\mathgroup6
)
\Hy@SavedSpaceFactor=\count127

("C:\Program Files\MiKTeX 2.9\tex\latex\00miktex\hyperref.cfg"
File: hyperref.cfg 2002/06/06 v1.2 hyperref configuration of TeXLive
)
Package hyperref Info: Hyper figures OFF on input line 4486.
Package hyperref Info: Link nesting OFF on input line 4491.
Package hyperref Info: Hyper index ON on input line 4494.
Package hyperref Info: Plain pages OFF on input line 4501.
Package hyperref Info: Backreferencing OFF on input line 4506.
Package hyperref Info: Implicit mode ON; LaTeX internals redefined.
Package hyperref Info: Bookmarks ON on input line 4735.
\c@Hy@tempcnt=\count128
LaTeX Info: Redefining \url on input line 5088.
\XeTeXLinkMargin=\dimen166
\Fld@menulength=\count129
\Field@Width=\dimen167
\Fld@charsize=\dimen168
Package hyperref Info: Hyper figures OFF on input line 6342.
Package hyperref Info: Link nesting OFF on input line 6347.
Package hyperref Info: Hyper index ON on input line 6350.
Package hyperref Info: backreferencing OFF on input line 6357.
Package hyperref Info: Link coloring OFF on input line 6362.
Package hyperref Info: Link coloring with OCG OFF on input line 6367.
Package hyperref Info: PDF/A mode OFF on input line 6372.
LaTeX Info: Redefining \ref on input line 6412.
LaTeX Info: Redefining \pageref on input line 6416.
\Hy@abspage=\count130
\c@Item=\count131
\c@Hfootnote=\count132
)

Package hyperref Message: Driver (autodetected): hpdftex.

("C:\Program Files\MiKTeX 2.9\tex\latex\hyperref\hpdftex.def"
File: hpdftex.def 2016/05/21 v6.83p Hyperref driver for pdfTeX
\Fld@listcount=\count133
\c@bookmark@seq@number=\count134

("C:\Program Files\MiKTeX 2.9\tex\latex\oberdiek\rerunfilecheck.sty"
Package: rerunfilecheck 2016/05/16 v1.8 Rerun checks for auxiliary files (HO)
Package uniquecounter Info: New unique counter `rerunfilecheck' on input line 2
82.
)
\Hy@SectionHShift=\skip76
)
("C:\Program Files\MiKTeX 2.9\tex\latex\base\latexsym.sty"
Package: latexsym 1998/08/17 v2.2e Standard LaTeX package (lasy symbols)
\symlasy=\mathgroup7
LaTeX Font Info:    Overwriting symbol font `lasy' in version `bold'
(Font)                  U/lasy/m/n --> U/lasy/b/n on input line 52.
)
("C:\Users\Jarrod Stilp\AppData\Roaming\MiKTeX\2.9\tex\latex\eepic\epic.sty"
Enhancements to Picture Environment. Version 1.2 - Released June 1, 1986
\@@multicnt=\count135
\d@lta=\count136
\@delta=\dimen169
\@@delta=\dimen170
\@gridcnt=\count137
\@joinkind=\count138
\@dotgap=\dimen171
\@ddotgap=\dimen172
\@x@diff=\count139
\@y@diff=\count140
\x@diff=\dimen173
\y@diff=\dimen174
\@dotbox=\box30
\num@segments=\count141
\num@segmentsi=\count142
\@datafile=\read1
)
("C:\Users\Jarrod Stilp\AppData\Roaming\MiKTeX\2.9\tex\latex\setspace\setspace.
sty"
Package: setspace 2011/12/19 v6.7a set line spacing
)
("C:\Users\Jarrod Stilp\AppData\Roaming\MiKTeX\2.9\tex\latex\mdwtools\mdwlist.s
ty"
Package: mdwlist 1996/05/02 1.1 Various list-related things
) ("C:\Program Files\MiKTeX 2.9\tex\latex\oberdiek\pdflscape.sty"
Package: pdflscape 2016/05/14 v0.11 Display of landscape pages in PDF (HO)

("C:\Program Files\MiKTeX 2.9\tex\latex\graphics\lscape.sty"
Package: lscape 2000/10/22 v3.01 Landscape Pages (DPC)
)
Package pdflscape Info: Auto-detected driver: pdftex on input line 81.
)
("C:\Users\Jarrod Stilp\AppData\Roaming\MiKTeX\2.9\tex\latex\algorithms\algorit
hm.sty"
Package: algorithm 2009/08/24 v0.1 Document Style `algorithm' - floating enviro
nment
 ("C:\Program Files\MiKTeX 2.9\tex\latex\float\float.sty"
Package: float 2001/11/08 v1.3d Float enhancements (AL)
\c@float@type=\count143
\float@exts=\toks28
\float@box=\box31
\@float@everytoks=\toks29
\@floatcapt=\box32
)
\@float@every@algorithm=\toks30
\c@algorithm=\count144
)
("C:\Users\Jarrod Stilp\AppData\Roaming\MiKTeX\2.9\tex\latex\algorithmicx\algps
eudocode.sty"
Package: algpseudocode 

("C:\Users\Jarrod Stilp\AppData\Roaming\MiKTeX\2.9\tex\latex\algorithmicx\algor
ithmicx.sty"
Package: algorithmicx 2005/04/27 v1.2 Algorithmicx

Document Style algorithmicx 1.2 - a greatly improved `algorithmic' style
\c@ALG@line=\count145
\c@ALG@rem=\count146
\c@ALG@nested=\count147
\ALG@tlm=\skip77
\ALG@thistlm=\skip78
\c@ALG@Lnr=\count148
\c@ALG@blocknr=\count149
\c@ALG@storecount=\count150
\c@ALG@tmpcounter=\count151
\ALG@tmplength=\skip79
)
Document Style - pseudocode environments for use with the `algorithmicx' style
)
("C:\Users\Jarrod Stilp\AppData\Roaming\MiKTeX\2.9\tex\latex\printlen\printlen.
sty"
Package: printlen 2009/09/03 v1.1a print lengths with units
)
("C:\Users\Jarrod Stilp\AppData\Roaming\MiKTeX\2.9\tex\latex\placeins\placeins.
sty"
Package: placeins 2005/04/18  v 2.2
) ("C:\Program Files\MiKTeX 2.9\tex\latex\psnfss\mathpazo.sty"
Package: mathpazo 2005/04/12 PSNFSS-v9.2a Palatino w/ Pazo Math (D.Puga, WaS) 
\symupright=\mathgroup8
)
(include/format.tex
\c@ind=\count152
\c@Pro=\count153
\c@The=\count154
\c@Exp=\count155
)
\@input{include/commands.aux}
\openout2 = `include/commands.aux'.

(include/commands.tex)

LaTeX Warning: Unused global option(s):
    [thesis].

("z3460979 Thesis B.aux" (body/1_introduction.aux) (body/2_literaturereview.aux
) (body/3_methodology.aux) (body/4_results.aux) (body/6_conclusion.aux)
(body/7_futurework.aux) (body/A_appendix.aux))
\openout1 = `"z3460979 Thesis B.aux"'.

LaTeX Font Info:    Checking defaults for OML/cmm/m/it on input line 66.
LaTeX Font Info:    ... okay on input line 66.
LaTeX Font Info:    Checking defaults for T1/cmr/m/n on input line 66.
LaTeX Font Info:    ... okay on input line 66.
LaTeX Font Info:    Checking defaults for OT1/cmr/m/n on input line 66.
LaTeX Font Info:    ... okay on input line 66.
LaTeX Font Info:    Checking defaults for OMS/cmsy/m/n on input line 66.
LaTeX Font Info:    ... okay on input line 66.
LaTeX Font Info:    Checking defaults for OMX/cmex/m/n on input line 66.
LaTeX Font Info:    ... okay on input line 66.
LaTeX Font Info:    Checking defaults for U/cmr/m/n on input line 66.
LaTeX Font Info:    ... okay on input line 66.
LaTeX Font Info:    Checking defaults for PD1/pdf/m/n on input line 66.
LaTeX Font Info:    ... okay on input line 66.
LaTeX Font Info:    Try loading font information for OT1+ppl on input line 66.

("C:\Program Files\MiKTeX 2.9\tex\latex\psnfss\ot1ppl.fd"
File: ot1ppl.fd 2001/06/04 font definitions for OT1/ppl.
)
LaTeX Info: Redefining \celsius on input line 66.
Package gensymb Info: Faking symbols for \degree and \celsius on input line 66.



Package gensymb Warning: Not defining \perthousand.

LaTeX Info: Redefining \ohm on input line 66.
Package gensymb Info: Using \upOmega for \ohm on input line 66.

Package gensymb Warning: Not defining \micro.


("C:\Users\Jarrod Stilp\AppData\Roaming\MiKTeX\2.9\tex\context\base\supp-pdf.mk
ii"
[Loading MPS to PDF converter (version 2006.09.02).]
\scratchcounter=\count156
\scratchdimen=\dimen175
\scratchbox=\box33
\nofMPsegments=\count157
\nofMParguments=\count158
\everyMPshowfont=\toks31
\MPscratchCnt=\count159
\MPscratchDim=\dimen176
\MPnumerator=\count160
\makeMPintoPDFobject=\count161
\everyMPtoPDFconversion=\toks32
)
Package caption Info: Begin \AtBeginDocument code.
Package caption Info: float package is loaded.
Package caption Info: hyperref package is loaded.
Package caption Info: rotating package is loaded.
Package caption Info: End \AtBeginDocument code.
\AtBeginShipoutBox=\box34
Package hyperref Info: Link coloring OFF on input line 66.
 ("C:\Program Files\MiKTeX 2.9\tex\latex\hyperref\nameref.sty"
Package: nameref 2016/05/21 v2.44 Cross-referencing by name of section

("C:\Program Files\MiKTeX 2.9\tex\generic\oberdiek\gettitlestring.sty"
Package: gettitlestring 2016/05/16 v1.5 Cleanup title references (HO)
)
\c@section@level=\count162
)
LaTeX Info: Redefining \ref on input line 66.
LaTeX Info: Redefining \pageref on input line 66.
LaTeX Info: Redefining \nameref on input line 66.

("z3460979 Thesis B.out") ("z3460979 Thesis B.out")
\@outlinefile=\write3
\openout3 = `"z3460979 Thesis B.out"'.

 (include/symbolslist.tex
\@sym=\write4
\openout4 = `"z3460979 Thesis B.sym"'.

\@sub=\write5
\openout5 = `"z3460979 Thesis B.sub"'.

)
(header/frontpage.tex
LaTeX Font Info:    Font shape `OT1/ppl/bx/n' in size <24.88> not available
(Font)              Font shape `OT1/ppl/b/n' tried instead on input line 26.
LaTeX Font Info:    Font shape `OT1/ppl/bx/n' in size <20.74> not available
(Font)              Font shape `OT1/ppl/b/n' tried instead on input line 29.
 [1



{C:/Users/Jarrod Stilp/AppData/Local/MiKTeX/2.9/pdftex/config/pdftex.map}]
LaTeX Font Info:    Font shape `OT1/ppl/bx/n' in size <12> not available
(Font)              Font shape `OT1/ppl/b/n' tried instead on input line 54.
LaTeX Font Info:    Font shape `OT1/ppl/bx/n' in size <17.28> not available
(Font)              Font shape `OT1/ppl/b/n' tried instead on input line 54.
LaTeX Font Info:    Font shape `OT1/ppl/bx/n' in size <14.4> not available
(Font)              Font shape `OT1/ppl/b/n' tried instead on input line 57.
 (header/abstract.tex
Overfull \hbox (10.6501pt too wide) in paragraph at lines 1--2
[]\OT1/ppl/m/n/12 Most of these first few pages are gen-er-ated by the file hea
der/frontpage.tex 
 []

LaTeX Font Info:    Try loading font information for OMS+ppl on input line 3.
("C:\Program Files\MiKTeX 2.9\tex\latex\psnfss\omsppl.fd"
File: omsppl.fd 
)
LaTeX Font Info:    Font shape `OMS/ppl/m/n' in size <12> not available
(Font)              Font shape `OMS/cmsy/m/n' tried instead on input line 3.
) [2]
Missing character: There is no â in font pplr7t!
Missing character: There is no € in font pplr7t!
Missing character: There is no ™ in font pplr7t!

Underfull \hbox (badness 10000) in paragraph at lines 76--82

 []


Underfull \hbox (badness 10000) in paragraph at lines 76--82

 []


Underfull \hbox (badness 10000) in paragraph at lines 76--82

 []

[3

] [4

] ("z3460979 Thesis B.toc"
LaTeX Font Info:    Try loading font information for OML+zplm on input line 5.

("C:\Program Files\MiKTeX 2.9\tex\latex\psnfss\omlzplm.fd"
File: omlzplm.fd 2002/09/08 Fontinst v1.914 font definitions for OML/zplm.
)
LaTeX Font Info:    Try loading font information for OMS+zplm on input line 5.

("C:\Program Files\MiKTeX 2.9\tex\latex\psnfss\omszplm.fd"
File: omszplm.fd 2002/09/08 Fontinst v1.914 font definitions for OMS/zplm.
)
LaTeX Font Info:    Try loading font information for OMX+zplm on input line 5.

("C:\Program Files\MiKTeX 2.9\tex\latex\psnfss\omxzplm.fd"
File: omxzplm.fd 2002/09/08 Fontinst v1.914 font definitions for OMX/zplm.
)
LaTeX Font Info:    Font shape `U/msa/m/n' will be
(Font)              scaled to size 12.50409pt on input line 5.
LaTeX Font Info:    Font shape `U/msa/m/n' will be
(Font)              scaled to size 9.37807pt on input line 5.
LaTeX Font Info:    Font shape `U/msa/m/n' will be
(Font)              scaled to size 7.29405pt on input line 5.
LaTeX Font Info:    Font shape `U/msb/m/n' will be
(Font)              scaled to size 12.50409pt on input line 5.
LaTeX Font Info:    Font shape `U/msb/m/n' will be
(Font)              scaled to size 9.37807pt on input line 5.
LaTeX Font Info:    Font shape `U/msb/m/n' will be
(Font)              scaled to size 7.29405pt on input line 5.
LaTeX Font Info:    Try loading font information for PD1+cmr on input line 5.
LaTeX Font Info:    No file PD1cmr.fd. on input line 5.


LaTeX Font Warning: Font shape `PD1/cmr/m/n' undefined
(Font)              using `PD1/pdf/m/n' instead on input line 5.

LaTeX Font Info:    Try loading font information for U+lasy on input line 5.
("C:\Program Files\MiKTeX 2.9\tex\latex\base\ulasy.fd"
File: ulasy.fd 1998/08/17 v2.2e LaTeX symbol font definitions
)
LaTeX Font Info:    Try loading font information for OT1+zplm on input line 5.

("C:\Program Files\MiKTeX 2.9\tex\latex\psnfss\ot1zplm.fd"
File: ot1zplm.fd 2002/09/08 Fontinst v1.914 font definitions for OT1/zplm.
) [5

] [6])
\tf@toc=\write6
\openout6 = `"z3460979 Thesis B.toc"'.

 [7]
("z3460979 Thesis B.lof" [8

])
\tf@lof=\write7
\openout7 = `"z3460979 Thesis B.lof"'.

 [9])
\openout2 = `body/1_introduction.aux'.

 (body/1_introduction.tex
Chapter 1.

Underfull \hbox (badness 10000) in paragraph at lines 7--8

 []

[1



]
Underfull \hbox (badness 10000) in paragraph at lines 16--17

 []

[2] <./images/highplex.png, id=347, 600.74437pt x 483.8075pt>
File: ./images/highplex.png Graphic file (type png)

<use ./images/highplex.png>
Package pdftex.def Info: ./images/highplex.png used on input line 22.
(pdftex.def)             Requested size: 398.33858pt x 320.81255pt.
Missing character: There is no Â in font pplr7t!
Missing character: There is no ˆ in font pplr7t!
 [3]
Underfull \hbox (badness 10000) in paragraph at lines 31--32

 []


Overfull \hbox (1.54195pt too wide) in paragraph at lines 33--34
[]\OT1/ppl/m/n/12 The ex-trac-tion pro-cess re-quires that the clin-i-cal sam-p
le un-der-goes a num-
 []


Underfull \hbox (badness 10000) in paragraph at lines 33--34

 []

[4 <./images/highplex.png>]
<./images/decklayout.png, id=360, 1048.66782pt x 590.95781pt>
File: ./images/decklayout.png Graphic file (type png)

<use ./images/decklayout.png>
Package pdftex.def Info: ./images/decklayout.png used on input line 37.
(pdftex.def)             Requested size: 398.33858pt x 224.47612pt.
Missing character: There is no Â in font pplr7t!
Missing character: There is no ˆ in font pplr7t!
 [5 <./images/decklayout.png>] [6]
<./images/cassette.png, id=377, 306.64563pt x 263.98625pt>
File: ./images/cassette.png Graphic file (type png)

<use ./images/cassette.png>
Package pdftex.def Info: ./images/cassette.png used on input line 54.
(pdftex.def)             Requested size: 306.64487pt x 263.9856pt.
Missing character: There is no Â in font pplr7t!
Missing character: There is no ˆ in font pplr7t!
 [7 <./images/cassette.png>] [8] [9] [10]) [11]
\openout2 = `body/2_literaturereview.aux'.


(body/2_literaturereview.tex
Chapter 2.

Underfull \hbox (badness 10000) in paragraph at lines 6--7

 []

[12



]
Underfull \hbox (badness 10000) in paragraph at lines 8--9

 []

<./images/tec.jpg, id=420, 252.945pt x 126.4725pt>
File: ./images/tec.jpg Graphic file (type jpg)
 <use ./images/tec.jpg>
Package pdftex.def Info: ./images/tec.jpg used on input line 12.
(pdftex.def)             Requested size: 398.33858pt x 199.174pt.
Missing character: There is no Â in font pplr7t!
Missing character: There is no ˆ in font pplr7t!

[13]
Underfull \hbox (badness 10000) in paragraph at lines 18--19

 []

[14 <./images/tec.jpg>]
Underfull \hbox (badness 10000) in paragraph at lines 24--27

 []

[15]
Underfull \hbox (badness 10000) in paragraph at lines 32--34

 []

[16] [17] [18]
Underfull \hbox (badness 10000) in paragraph at lines 48--51

 []

[19] [20]
Underfull \hbox (badness 10000) in paragraph at lines 55--56

 []

[21]
Underfull \hbox (badness 10000) in paragraph at lines 59--61

 []

[22] [23]) [24]
\openout2 = `body/3_methodology.aux'.

 (body/3_methodology.tex
Chapter 3.
[25



]
Overfull \hbox (3.70251pt too wide) in paragraph at lines 16--17
[]\OT1/ppl/m/n/12 CFD sim-u-la-tion us-ing Au-todesk CFD Mo-tion to ver-ify the
 per-for-mance
 []

[26]
Underfull \hbox (badness 10000) in paragraph at lines 32--33

 []

[27]
Underfull \hbox (badness 10000) in paragraph at lines 34--35

 []


Underfull \hbox (badness 10000) in paragraph at lines 36--37

 []


Underfull \hbox (badness 10000) in paragraph at lines 38--39

 []

[28]
Underfull \hbox (badness 10000) in paragraph at lines 43--44

 []

<./images/openloopplant.png, id=576, 558.96329pt x 120.0736pt>
File: ./images/openloopplant.png Graphic file (type png)

<use ./images/openloopplant.png>
Package pdftex.def Info: ./images/openloopplant.png used on input line 47.
(pdftex.def)             Requested size: 398.33858pt x 85.57162pt.
Missing character: There is no Â in font pplr7t!
Missing character: There is no ˆ in font pplr7t!

Overfull \hbox (7.47017pt too wide) in paragraph at lines 53--54
[]\OT1/ppl/m/n/12 With the trans-fer func-tion rep-re-sent-ing the Pro-ces-sor 
Mod-ule now known,
 []


Underfull \hbox (badness 10000) in paragraph at lines 53--54

 []

[29 <./images/openloopplant.png>] [30]
Underfull \hbox (badness 10000) in paragraph at lines 69--70

 []

<./images/unityfeedback.png, id=590, 303.00703pt x 50.81485pt>
File: ./images/unityfeedback.png Graphic file (type png)

<use ./images/unityfeedback.png>
Package pdftex.def Info: ./images/unityfeedback.png used on input line 86.
(pdftex.def)             Requested size: 398.33858pt x 66.80286pt.
Missing character: There is no Â in font pplr7t!
Missing character: There is no ˆ in font pplr7t!
 [31] [32 <./images/unityfeedback.png>]
Underfull \hbox (badness 10000) in paragraph at lines 92--93

 []


Underfull \hbox (badness 10000) in paragraph at lines 100--101

 []


Underfull \hbox (badness 10000) in paragraph at lines 116--117

 []

[33]
Underfull \hbox (badness 10000) in paragraph at lines 126--127

 []


Underfull \hbox (badness 10000) in paragraph at lines 136--137

 []

[34]
Underfull \hbox (badness 10000) in paragraph at lines 147--148

 []


Underfull \hbox (badness 10000) in paragraph at lines 165--166

 []

[35]
Underfull \hbox (badness 10000) in paragraph at lines 169--170

 []

<./images/controllervalidation.png, id=633, 565.73859pt x 142.65797pt>
File: ./images/controllervalidation.png Graphic file (type png)

<use ./images/controllervalidation.png>
Package pdftex.def Info: ./images/controllervalidation.png used on input line 1
77.
(pdftex.def)             Requested size: 398.33858pt x 100.44762pt.
Missing character: There is no Â in font pplr7t!
Missing character: There is no ˆ in font pplr7t!
 [36 <./images/controllervalidation.png>] <./images/measuredtubes.png, id=640, 
712.91344pt x 535.2497pt>
File: ./images/measuredtubes.png Graphic file (type png)

<use ./images/measuredtubes.png>
Package pdftex.def Info: ./images/measuredtubes.png used on input line 197.
(pdftex.def)             Requested size: 398.33858pt x 299.06807pt.
Missing character: There is no Â in font pplr7t!
Missing character: There is no ˆ in font pplr7t!
 [37] [38 <./images/measuredtubes.png>]
[39] [40] [41] [42] [43]
Underfull \hbox (badness 10000) in paragraph at lines 272--273

 []

) [44] [45]
\openout2 = `body/4_results.aux'.

 (body/4_results.tex
Chapter 4.

Underfull \hbox (badness 10000) in paragraph at lines 4--5

 []

[46



] [47]
Underfull \hbox (badness 10000) in paragraph at lines 20--21

 []

<./images/splitconcepts.png, id=732, 1243.64626pt x 1017.8025pt>
File: ./images/splitconcepts.png Graphic file (type png)

<use ./images/splitconcepts.png>
Package pdftex.def Info: ./images/splitconcepts.png used on input line 24.
(pdftex.def)             Requested size: 398.33858pt x 325.99854pt.
Missing character: There is no Â in font pplr7t!
Missing character: There is no ˆ in font pplr7t!
 [48]
Underfull \hbox (badness 10000) in paragraph at lines 30--31

 []


Underfull \hbox (badness 10000) in paragraph at lines 32--33

 []

[49 <./images/splitconcepts.png>]
Underfull \hbox (badness 10000) in paragraph at lines 34--35

 []

[50] [51]
Underfull \hbox (badness 10000) in paragraph at lines 55--56

 []


Underfull \hbox (badness 10000) in paragraph at lines 57--58

 []

[52] [53] [54]
Underfull \hbox (badness 10000) in paragraph at lines 96--104

 []

[55]
Underfull \hbox (badness 10000) in paragraph at lines 109--117

 []


Underfull \hbox (badness 10000) in paragraph at lines 122--127

 []

[56]
Underfull \hbox (badness 10000) in paragraph at lines 133--134

 []


Underfull \hbox (badness 10000) in paragraph at lines 135--136

 []


Underfull \hbox (badness 10000) in paragraph at lines 137--138

 []


Overfull \hbox (9.36543pt too wide) in paragraph at lines 143--148
 [] 
 []

[57]
Underfull \hbox (badness 10000) in paragraph at lines 156--157

 []


Underfull \hbox (badness 10000) in paragraph at lines 169--170

 []

[58]
Underfull \hbox (badness 10000) in paragraph at lines 173--174

 []


Underfull \hbox (badness 10000) in paragraph at lines 183--184

 []

[59]
Underfull \hbox (badness 10000) in paragraph at lines 184--185

 []


Underfull \hbox (badness 10000) in paragraph at lines 186--187

 []


Underfull \hbox (badness 10000) in paragraph at lines 188--189

 []


Underfull \hbox (badness 10000) in paragraph at lines 193--194

 []

[60] <./images/result2.png, id=818, 694.84593pt x 569.87906pt>
File: ./images/result2.png Graphic file (type png)

<use ./images/result2.png>
Package pdftex.def Info: ./images/result2.png used on input line 199.
(pdftex.def)             Requested size: 398.33858pt x 326.6953pt.
Missing character: There is no Â in font pplr7t!
Missing character: There is no ˆ in font pplr7t!
 [61 <./images/result2.png>]
<./images/cutcfd.png, id=826, 763.35187pt x 993.7125pt>
File: ./images/cutcfd.png Graphic file (type png)

<use ./images/cutcfd.png>
Package pdftex.def Info: ./images/cutcfd.png used on input line 209.
(pdftex.def)             Requested size: 398.33858pt x 518.53784pt.
Missing character: There is no Â in font pplr7t!
Missing character: There is no ˆ in font pplr7t!
 [62 <./images/cutcfd.png>]
<./images/thermalvariation.jpg, id=833, 576.65437pt x 211.79124pt>
File: ./images/thermalvariation.jpg Graphic file (type jpg)

<use ./images/thermalvariation.jpg>
Package pdftex.def Info: ./images/thermalvariation.jpg used on input line 219.
(pdftex.def)             Requested size: 398.33858pt x 146.30415pt.
Missing character: There is no Â in font pplr7t!
Missing character: There is no ˆ in font pplr7t!

Overfull \hbox (0.52495pt too wide) in paragraph at lines 246--247
\OT1/ppl/m/n/12 sign as op-posed to the ini-tial de-sign and by analysing the c
rit-i-cal data points,
 []


Underfull \hbox (badness 10000) in paragraph at lines 246--247

 []


Underfull \hbox (badness 10000) in paragraph at lines 248--249

 []

[63 <./images/thermalvariation.jpg>]
Underfull \hbox (badness 10000) in paragraph at lines 250--251

 []


Underfull \hbox (badness 10000) in paragraph at lines 257--258

 []

[64] <./images/carrierlocation.png, id=852, 685.05937pt x 449.42906pt>
File: ./images/carrierlocation.png Graphic file (type png)

<use ./images/carrierlocation.png>
Package pdftex.def Info: ./images/carrierlocation.png used on input line 263.
(pdftex.def)             Requested size: 398.33858pt x 261.33423pt.
Missing character: There is no Â in font pplr7t!
Missing character: There is no ˆ in font pplr7t!
 [65 <./images/carrierlocation.png>]
<./images/carrierfit.png, id=861, 506.6428pt x 304.13625pt>
File: ./images/carrierfit.png Graphic file (type png)

<use ./images/carrierfit.png>
Package pdftex.def Info: ./images/carrierfit.png used on input line 273.
(pdftex.def)             Requested size: 398.33858pt x 239.128pt.
Missing character: There is no Â in font pplr7t!
Missing character: There is no ˆ in font pplr7t!
 [66]
Underfull \hbox (badness 10000) in paragraph at lines 279--280

 []

[67 <./images/carrierfit.png>]
<./images/heatsink.png, id=874, 784.43062pt x 426.84468pt>
File: ./images/heatsink.png Graphic file (type png)

<use ./images/heatsink.png>
Package pdftex.def Info: ./images/heatsink.png used on input line 285.
(pdftex.def)             Requested size: 398.33858pt x 216.75653pt.
Missing character: There is no Â in font pplr7t!
Missing character: There is no ˆ in font pplr7t!

Underfull \hbox (badness 10000) in paragraph at lines 291--292

 []

[68 <./images/heatsink.png>] [69]
<./images/exploded.png, id=889, 797.22844pt x 1069.74657pt>
File: ./images/exploded.png Graphic file (type png)

<use ./images/exploded.png>
Package pdftex.def Info: ./images/exploded.png used on input line 315.
(pdftex.def)             Requested size: 398.33858pt x 534.49655pt.
Missing character: There is no Â in font pplr7t!
Missing character: There is no ˆ in font pplr7t!
 [70] [71 <./images/exploded.png>]
<./images/1.jpg, id=902, 3899.56876pt x 1460.45625pt>
File: ./images/1.jpg Graphic file (type jpg)
 <use ./images/1.jpg>
Package pdftex.def Info: ./images/1.jpg used on input line 335.
(pdftex.def)             Requested size: 398.33858pt x 149.17404pt.
Missing character: There is no Â in font pplr7t!
Missing character: There is no ˆ in font pplr7t!

<./images/2.jpg, id=904, 3976.8575pt x 2365.83875pt>
File: ./images/2.jpg Graphic file (type jpg)
 <use ./images/2.jpg>
Package pdftex.def Info: ./images/2.jpg used on input line 345.
(pdftex.def)             Requested size: 398.33858pt x 236.95872pt.
Missing character: There is no Â in font pplr7t!
Missing character: There is no ˆ in font pplr7t!

[72 <./images/1.jpg>] <./images/3.jpg, id=910, 3997.93625pt x 2317.65875pt>
File: ./images/3.jpg Graphic file (type jpg)

<use ./images/3.jpg>
Package pdftex.def Info: ./images/3.jpg used on input line 355.
(pdftex.def)             Requested size: 398.33858pt x 230.89534pt.
Missing character: There is no Â in font pplr7t!
Missing character: There is no ˆ in font pplr7t!
 [73 <./images/2.jpg>]
<./images/4.jpg, id=916, 4015.0pt x 3003.22pt>
File: ./images/4.jpg Graphic file (type jpg)
 <use ./images/4.jpg>
Package pdftex.def Info: ./images/4.jpg used on input line 365.
(pdftex.def)             Requested size: 398.33858pt x 297.95668pt.
Missing character: There is no Â in font pplr7t!
Missing character: There is no ˆ in font pplr7t!
 [74 <./images/3.jpg>] <./images/5.jpg, id=922, 3790.16pt x 551.05875pt>
File: ./images/5.jpg Graphic file (type jpg)

<use ./images/5.jpg>
Package pdftex.def Info: ./images/5.jpg used on input line 375.
(pdftex.def)             Requested size: 398.33858pt x 57.90912pt.
Missing character: There is no Â in font pplr7t!
Missing character: There is no ˆ in font pplr7t!
 <./images/6.jpg, id=924, 4015.0pt x 3003.22pt>
File: ./images/6.jpg Graphic file (type jpg)

<use ./images/6.jpg>
Package pdftex.def Info: ./images/6.jpg used on input line 385.
(pdftex.def)             Requested size: 398.33858pt x 297.95668pt.
Missing character: There is no Â in font pplr7t!
Missing character: There is no ˆ in font pplr7t!
 [75 <./images/4.jpg> <./images/5.jpg>]
<./images/7.jpg, id=931, 4015.0pt x 3003.22pt>
File: ./images/7.jpg Graphic file (type jpg)
 <use ./images/7.jpg>
Package pdftex.def Info: ./images/7.jpg used on input line 395.
(pdftex.def)             Requested size: 398.33858pt x 297.95668pt.
Missing character: There is no Â in font pplr7t!
Missing character: There is no ˆ in font pplr7t!
 [76 <./images/6.jpg>] <./images/8.jpg, id=938, 3273.22874pt x 2729.19624pt>
File: ./images/8.jpg Graphic file (type jpg)

<use ./images/8.jpg>
Package pdftex.def Info: ./images/8.jpg used on input line 405.
(pdftex.def)             Requested size: 398.33858pt x 332.11192pt.
Missing character: There is no Â in font pplr7t!
Missing character: There is no ˆ in font pplr7t!
 [77 <./images/7.jpg>]
<./images/testsetup.jpg, id=946, 4015.0pt x 3003.22pt>
File: ./images/testsetup.jpg Graphic file (type jpg)

<use ./images/testsetup.jpg>
Package pdftex.def Info: ./images/testsetup.jpg used on input line 422.
(pdftex.def)             Requested size: 398.33858pt x 297.95668pt.
 [78 <./images/8.jpg>]
Missing character: There is no Â in font pplr7t!
Missing character: There is no ˆ in font pplr7t!

<./images/response.png, id=953, 632.3625pt x 474.27188pt>
File: ./images/response.png Graphic file (type png)

<use ./images/response.png>
Package pdftex.def Info: ./images/response.png used on input line 432.
(pdftex.def)             Requested size: 398.33858pt x 298.75668pt.
Missing character: There is no Â in font pplr7t!
Missing character: There is no ˆ in font pplr7t!
 [79 <./images/testsetup.jpg>]
<./images/blockresponse.png, id=959, 632.3625pt x 474.27188pt>
File: ./images/blockresponse.png Graphic file (type png)

<use ./images/blockresponse.png>
Package pdftex.def Info: ./images/blockresponse.png used on input line 442.
(pdftex.def)             Requested size: 398.33858pt x 298.75668pt.
Missing character: There is no Â in font pplr7t!
Missing character: There is no ˆ in font pplr7t!
 [80 <./images/response.png (PNG copy)>]
Underfull \hbox (badness 10000) in paragraph at lines 449--451

 []

<./images/plantsim.png, id=965, 632.3625pt x 474.27188pt>
File: ./images/plantsim.png Graphic file (type png)

<use ./images/plantsim.png>
Package pdftex.def Info: ./images/plantsim.png used on input line 456.
(pdftex.def)             Requested size: 398.33858pt x 298.75668pt.
Missing character: There is no Â in font pplr7t!
Missing character: There is no ˆ in font pplr7t!
 [81 <./images/blockresponse.png (PNG copy)>]
[82 <./images/plantsim.png (PNG copy)>]
Underfull \hbox (badness 10000) in paragraph at lines 464--465

 []

[83] <./images/controllertest.jpg, id=986, 4015.0pt x 3003.22pt>
File: ./images/controllertest.jpg Graphic file (type jpg)

<use ./images/controllertest.jpg>
Package pdftex.def Info: ./images/controllertest.jpg used on input line 491.
(pdftex.def)             Requested size: 398.33858pt x 297.95668pt.
Missing character: There is no Â in font pplr7t!
Missing character: There is no ˆ in font pplr7t!
 [84]
<./images/res1.png, id=995, 632.3625pt x 474.27188pt>
File: ./images/res1.png Graphic file (type png)
 <use ./images/res1.png>
Package pdftex.def Info: ./images/res1.png used on input line 501.
(pdftex.def)             Requested size: 398.33858pt x 298.75668pt.
LaTeX Font Info:    Font shape `U/msa/m/n' will be
(Font)              scaled to size 11.40997pt on input line 502.
LaTeX Font Info:    Font shape `U/msa/m/n' will be
(Font)              scaled to size 8.33606pt on input line 502.
LaTeX Font Info:    Font shape `U/msa/m/n' will be
(Font)              scaled to size 6.25204pt on input line 502.
LaTeX Font Info:    Font shape `U/msb/m/n' will be
(Font)              scaled to size 11.40997pt on input line 502.
LaTeX Font Info:    Font shape `U/msb/m/n' will be
(Font)              scaled to size 8.33606pt on input line 502.
LaTeX Font Info:    Font shape `U/msb/m/n' will be
(Font)              scaled to size 6.25204pt on input line 502.
Missing character: There is no Â in font pplr7t!
Missing character: There is no ˆ in font pplr7t!

[85 <./images/controllertest.jpg>]
Overfull \hbox (7.47249pt too wide) in paragraph at lines 508--510
\OT1/ppl/m/n/12 ex-tracted for the run to vi-su-alise the ex-treme tem-per-a-tu
res ex-pe-ri-enced across
 []

<./images/res2.png, id=1001, 632.3625pt x 474.27188pt>
File: ./images/res2.png Graphic file (type png)
 <use ./images/res2.png>
Package pdftex.def Info: ./images/res2.png used on input line 513.
(pdftex.def)             Requested size: 398.33858pt x 298.75668pt.
Missing character: There is no Â in font pplr7t!
Missing character: There is no ˆ in font pplr7t!

[86 <./images/res1.png (PNG copy)>] [87 <./images/res2.png (PNG copy)>]
<./images/res3.png, id=1012, 632.3625pt x 474.27188pt>
File: ./images/res3.png Graphic file (type png)
 <use ./images/res3.png>
Package pdftex.def Info: ./images/res3.png used on input line 532.
(pdftex.def)             Requested size: 398.33858pt x 298.75668pt.
Missing character: There is no Â in font pplr7t!
Missing character: There is no ˆ in font pplr7t!

[88 <./images/res3.png (PNG copy)>]
Underfull \hbox (badness 10000) in paragraph at lines 548--549

 []

[89] <./images/polezeromap.png, id=1029, 856.70062pt x 767.86874pt>
File: ./images/polezeromap.png Graphic file (type png)

<use ./images/polezeromap.png>
Package pdftex.def Info: ./images/polezeromap.png used on input line 556.
(pdftex.def)             Requested size: 398.33858pt x 357.03185pt.
Missing character: There is no Â in font pplr7t!
Missing character: There is no ˆ in font pplr7t!
 [90 <./images/polezeromap.png>]
Underfull \hbox (badness 10000) in paragraph at lines 572--573

 []

[91]) [92]
\openout2 = `body/6_conclusion.aux'.

 (body/6_conclusion.tex
Chapter 5.
) [93



]
\openout2 = `body/7_futurework.aux'.

 (body/7_futurework.tex
Chapter 6.
) [94



] ("z3460979 Thesis B.bbl"
Underfull \hbox (badness 1442) in paragraph at lines 23--31
[]\OT1/ppl/m/n/12 Jing Huang, Zhang-wei Chen, and Kewei Hu.  Fea for steady-
 []


Underfull \hbox (badness 2237) in paragraph at lines 23--31
\OT1/ppl/m/n/12 state ther-mal per-for-mance of pcr thermal-cycler based on the
r-
 []


Underfull \hbox (badness 5147) in paragraph at lines 23--31
\OT1/ppl/m/n/12 mo-elec-tric cooler.  vol-ume vol.2, pages 1097 -- 100, Pis-cat
-
 []


Underfull \hbox (badness 1112) in paragraph at lines 23--31
\OT1/ppl/m/n/12 away, NJ, USA, 2011//.  steady state ther-mal per-for-mance;PCR

 []


Underfull \hbox (badness 7722) in paragraph at lines 23--31
\OT1/ppl/m/n/12 tech-nol-ogy;DNA se-quence;periodic heat-ing;cooling;finite el-
e-ment
 []

[95


] [96] [97]) [98]
\openout2 = `body/A_appendix.aux'.

 (body/A_appendix.tex
Appendix A.
[99


]
Appendix B.
<./images/2tecconv.png, id=1078, 792.71156pt x 321.45094pt>
File: ./images/2tecconv.png Graphic file (type png)

<use ./images/2tecconv.png>
Package pdftex.def Info: ./images/2tecconv.png used on input line 19.
(pdftex.def)             Requested size: 398.33858pt x 161.52948pt.
Missing character: There is no Â in font pplr7t!
Missing character: There is no ˆ in font pplr7t!
) [100

 <./images/2tecconv.png>] [101]
\@syc=\write8
\openout8 = `"z3460979 Thesis B.syc"'.


("z3460979 Thesis B.sym")
\@suc=\write9
\openout9 = `"z3460979 Thesis B.suc"'.

 ("z3460979 Thesis B.sub")
Package atveryend Info: Empty hook `BeforeClearDocument' on input line 101.
Package atveryend Info: Empty hook `AfterLastShipout' on input line 101.
 ("z3460979 Thesis B.aux"
(body/1_introduction.aux) (body/2_literaturereview.aux) (body/3_methodology.aux
) (body/4_results.aux) (body/6_conclusion.aux) (body/7_futurework.aux)
(body/A_appendix.aux))
Package atveryend Info: Executing hook `AtVeryEndDocument' on input line 101.
Package atveryend Info: Executing hook `AtEndAfterFileList' on input line 101.
Package rerunfilecheck Info: File `"z3460979 Thesis B".out' has not changed.
(rerunfilecheck)             Checksum: 5CDEBAD057A8B6B4B44CBA7E554B8A9D;2865.


LaTeX Font Warning: Some font shapes were not available, defaults substituted.

 ) 
Here is how much of TeX's memory you used:
 11146 strings out of 493335
 164716 string characters out of 3139237
 275416 words of memory out of 3000000
 13984 multiletter control sequences out of 15000+200000
 36870 words of font info for 106 fonts, out of 3000000 for 9000
 1141 hyphenation exceptions out of 8191
 42i,14n,53p,2520b,441s stack positions out of 5000i,500n,10000p,200000b,50000s
{C:/Program Files/MiKTeX 2.9/fonts/enc/dvips/fontname/8r.enc}<C:/Program File
s/MiKTeX 2.9/fonts/type1/public/amsfonts/cm/cmmi10.pfb><C:/Program Files/MiKTeX
 2.9/fonts/type1/public/amsfonts/cm/cmr10.pfb><C:/Program Files/MiKTeX 2.9/font
s/type1/public/amsfonts/cm/cmsy10.pfb><C:/Users/Jarrod Stilp/AppData/Roaming/Mi
KTeX/2.9/fonts/type1/public/mathpazo/fplmr.pfb><C:/Users/Jarrod Stilp/AppData/R
oaming/MiKTeX/2.9/fonts/type1/public/mathpazo/fplmri.pfb><C:/Program Files/MiKT
eX 2.9/fonts/type1/urw/palatino/uplb8a.pfb><C:/Program Files/MiKTeX 2.9/fonts/t
ype1/urw/palatino/uplr8a.pfb><C:/Program Files/MiKTeX 2.9/fonts/type1/urw/palat
ino/uplri8a.pfb>
Output written on "z3460979 Thesis B.pdf" (110 pages, 34437553 bytes).
PDF statistics:
 1186 PDF objects out of 1200 (max. 8388607)
 311 named destinations out of 1000 (max. 500000)
 531 words of extra memory for PDF output out of 10000 (max. 10000000)

